info: MQTT Broker connected {"service":"user-service"}
info: {"cpu_usage":1.83, "mem_usage":11288.31, "mem_total":15741.32, "timestamp":1726028739} {"service":"user-service"}
info: {"cpu_usage":3, "mem_usage":11619.14, "mem_total":15741.32, "timestamp":1726028744} {"service":"user-service"}
info: {"cpu_usage":4.13, "mem_usage":11573.72, "mem_total":15741.32, "timestamp":1726028749} {"service":"user-service"}
info: {"cpu_usage":0.39, "mem_usage":11559.59, "mem_total":15741.32, "timestamp":1726028754} {"service":"user-service"}
info: {"cpu_usage":1.61, "mem_usage":11577.16, "mem_total":15741.32, "timestamp":1726028759} {"service":"user-service"}
info: {"cpu_usage":0.57, "mem_usage":11571.21, "mem_total":15741.32, "timestamp":1726028764} {"service":"user-service"}
info: {"cpu_usage":1.17, "mem_usage":11556.95, "mem_total":15741.32, "timestamp":1726028769} {"service":"user-service"}
info: {"cpu_usage":0.87, "mem_usage":11615.25, "mem_total":15741.32, "timestamp":1726028774} {"service":"user-service"}
info: {"cpu_usage":1.15, "mem_usage":11614.37, "mem_total":15741.32, "timestamp":1726028779} {"service":"user-service"}
info: {"cpu_usage":0.28, "mem_usage":11584.36, "mem_total":15741.32, "timestamp":1726028784} {"service":"user-service"}
info: {"cpu_usage":0.19, "mem_usage":11610.85, "mem_total":15741.32, "timestamp":1726028789} {"service":"user-service"}
info: {"cpu_usage":0.58, "mem_usage":11548.07, "mem_total":15741.32, "timestamp":1726028794} {"service":"user-service"}
info: {"cpu_usage":0.39, "mem_usage":11534.45, "mem_total":15741.32, "timestamp":1726028799} {"service":"user-service"}
info: {"cpu_usage":0.09, "mem_usage":11536.08, "mem_total":15741.32, "timestamp":1726028804} {"service":"user-service"}
info: {"cpu_usage":0.39, "mem_usage":11549.58, "mem_total":15741.32, "timestamp":1726028809} {"service":"user-service"}
info: {"cpu_usage":1.16, "mem_usage":11535.12, "mem_total":15741.32, "timestamp":1726028814} {"service":"user-service"}
info: {"cpu_usage":3.44, "mem_usage":11514.95, "mem_total":15741.32, "timestamp":1726028819} {"service":"user-service"}
info: {"cpu_usage":0.29, "mem_usage":11550.43, "mem_total":15741.32, "timestamp":1726028824} {"service":"user-service"}
info: {"cpu_usage":0.29, "mem_usage":11539.33, "mem_total":15741.32, "timestamp":1726028829} {"service":"user-service"}
info: {"cpu_usage":0.67, "mem_usage":11541.81, "mem_total":15741.32, "timestamp":1726028834} {"service":"user-service"}
info: {"cpu_usage":1.19, "mem_usage":11509.03, "mem_total":15741.32, "timestamp":1726028839} {"service":"user-service"}
info: {"cpu_usage":0.29, "mem_usage":11498.97, "mem_total":15741.32, "timestamp":1726028844} {"service":"user-service"}
info: {"cpu_usage":0.6, "mem_usage":11507.19, "mem_total":15741.32, "timestamp":1726028849} {"service":"user-service"}
info: {"cpu_usage":0.39, "mem_usage":11500.02, "mem_total":15741.32, "timestamp":1726028854} {"service":"user-service"}
info: {"cpu_usage":0.29, "mem_usage":11497.2, "mem_total":15741.32, "timestamp":1726028859} {"service":"user-service"}
info: {"cpu_usage":1.26, "mem_usage":11521.25, "mem_total":15741.32, "timestamp":1726028864} {"service":"user-service"}
info: {"cpu_usage":0.48, "mem_usage":11523.96, "mem_total":15741.32, "timestamp":1726028869} {"service":"user-service"}
info: {"cpu_usage":1.07, "mem_usage":11479.77, "mem_total":15741.32, "timestamp":1726028874} {"service":"user-service"}
info: {"cpu_usage":1.67, "mem_usage":11544.71, "mem_total":15741.32, "timestamp":1726028879} {"service":"user-service"}
info: {"cpu_usage":4.48, "mem_usage":11518.8, "mem_total":15741.32, "timestamp":1726028884} {"service":"user-service"}
info: {"cpu_usage":1.06, "mem_usage":11572.59, "mem_total":15741.32, "timestamp":1726028889} {"service":"user-service"}
info: {"cpu_usage":0.77, "mem_usage":11590.61, "mem_total":15741.32, "timestamp":1726028894} {"service":"user-service"}
info: {"cpu_usage":0.5, "mem_usage":11586.12, "mem_total":15741.32, "timestamp":1726028899} {"service":"user-service"}
info: {"cpu_usage":0.69, "mem_usage":11521.61, "mem_total":15741.32, "timestamp":1726028904} {"service":"user-service"}
info: {"cpu_usage":0.48, "mem_usage":11520.07, "mem_total":15741.32, "timestamp":1726028909} {"service":"user-service"}
info: {"cpu_usage":1.17, "mem_usage":11530.21, "mem_total":15741.32, "timestamp":1726028914} {"service":"user-service"}
info: {"cpu_usage":4.53, "mem_usage":11555.6, "mem_total":15741.32, "timestamp":1726028919} {"service":"user-service"}
info: {"cpu_usage":2.44, "mem_usage":11543.38, "mem_total":15741.32, "timestamp":1726028924} {"service":"user-service"}
info: {"cpu_usage":1.55, "mem_usage":11590.63, "mem_total":15741.32, "timestamp":1726028929} {"service":"user-service"}
info: {"cpu_usage":1.74, "mem_usage":11549.85, "mem_total":15741.32, "timestamp":1726028934} {"service":"user-service"}
info: {"cpu_usage":2.03, "mem_usage":11579.27, "mem_total":15741.32, "timestamp":1726028939} {"service":"user-service"}
info: {"cpu_usage":0.39, "mem_usage":11522.62, "mem_total":15741.32, "timestamp":1726028944} {"service":"user-service"}
info: {"cpu_usage":1.77, "mem_usage":11456.69, "mem_total":15741.32, "timestamp":1726028949} {"service":"user-service"}
info: {"cpu_usage":0.68, "mem_usage":11452.88, "mem_total":15741.32, "timestamp":1726028954} {"service":"user-service"}
info: {"cpu_usage":4.54, "mem_usage":11530.66, "mem_total":15741.32, "timestamp":1726028959} {"service":"user-service"}
info: {"cpu_usage":1.55, "mem_usage":11536.75, "mem_total":15741.32, "timestamp":1726028964} {"service":"user-service"}
info: {"cpu_usage":4.91, "mem_usage":11542.8, "mem_total":15741.32, "timestamp":1726028969} {"service":"user-service"}
info: {"cpu_usage":0.47, "mem_usage":11523.07, "mem_total":15741.32, "timestamp":1726028974} {"service":"user-service"}
info: {"cpu_usage":0.28, "mem_usage":11533.61, "mem_total":15741.32, "timestamp":1726028979} {"service":"user-service"}
info: {"cpu_usage":1.28, "mem_usage":11532.65, "mem_total":15741.32, "timestamp":1726028984} {"service":"user-service"}
info: {"cpu_usage":4.3, "mem_usage":11924.95, "mem_total":15741.32, "timestamp":1726028989} {"service":"user-service"}
info: {"cpu_usage":3.61, "mem_usage":11825.03, "mem_total":15741.32, "timestamp":1726028994} {"service":"user-service"}
info: {"cpu_usage":3.25, "mem_usage":11906.41, "mem_total":15741.32, "timestamp":1726028999} {"service":"user-service"}
info: {"cpu_usage":0.97, "mem_usage":11973.13, "mem_total":15741.32, "timestamp":1726029004} {"service":"user-service"}
info: {"cpu_usage":1.37, "mem_usage":12021.18, "mem_total":15741.32, "timestamp":1726029009} {"service":"user-service"}
info: {"cpu_usage":1.82, "mem_usage":11903.91, "mem_total":15741.32, "timestamp":1726029014} {"service":"user-service"}
info: {"cpu_usage":0.69, "mem_usage":11902.56, "mem_total":15741.32, "timestamp":1726029019} {"service":"user-service"}
info: {"cpu_usage":3.47, "mem_usage":11908.91, "mem_total":15741.32, "timestamp":1726029024} {"service":"user-service"}
info: {"cpu_usage":1.96, "mem_usage":11870.45, "mem_total":15741.32, "timestamp":1726029030} {"service":"user-service"}
info: {"cpu_usage":2.53, "mem_usage":11953.55, "mem_total":15741.32, "timestamp":1726029035} {"service":"user-service"}
info: {"cpu_usage":1.89, "mem_usage":11967, "mem_total":15741.32, "timestamp":1726029040} {"service":"user-service"}
info: {"cpu_usage":1.63, "mem_usage":11787.1, "mem_total":15741.32, "timestamp":1726029045} {"service":"user-service"}
info: {"cpu_usage":1.34, "mem_usage":11739.25, "mem_total":15741.32, "timestamp":1726029050} {"service":"user-service"}
info: {"cpu_usage":0.49, "mem_usage":11725.98, "mem_total":15741.32, "timestamp":1726029055} {"service":"user-service"}
info: {"cpu_usage":1.27, "mem_usage":11753.62, "mem_total":15741.32, "timestamp":1726029060} {"service":"user-service"}
info: {"cpu_usage":4.36, "mem_usage":11732, "mem_total":15741.32, "timestamp":1726029065} {"service":"user-service"}
info: {"cpu_usage":1.44, "mem_usage":11734.39, "mem_total":15741.32, "timestamp":1726029070} {"service":"user-service"}
info: {"cpu_usage":0.88, "mem_usage":11734.68, "mem_total":15741.32, "timestamp":1726029075} {"service":"user-service"}
info: {"cpu_usage":1.17, "mem_usage":11743.7, "mem_total":15741.32, "timestamp":1726029080} {"service":"user-service"}
info: {"cpu_usage":2.11, "mem_usage":11755.94, "mem_total":15741.32, "timestamp":1726029085} {"service":"user-service"}
info: {"cpu_usage":0.49, "mem_usage":11760.63, "mem_total":15741.32, "timestamp":1726029090} {"service":"user-service"}
info: {"cpu_usage":0.99, "mem_usage":11708.38, "mem_total":15741.32, "timestamp":1726029095} {"service":"user-service"}
info: {"cpu_usage":2.34, "mem_usage":11707.52, "mem_total":15741.32, "timestamp":1726029100} {"service":"user-service"}
info: {"cpu_usage":2.11, "mem_usage":11711.27, "mem_total":15741.32, "timestamp":1726029105} {"service":"user-service"}
info: {"cpu_usage":3.43, "mem_usage":11917.98, "mem_total":15741.32, "timestamp":1726029110} {"service":"user-service"}
info: {"cpu_usage":0.59, "mem_usage":11891.54, "mem_total":15741.32, "timestamp":1726029115} {"service":"user-service"}
info: {"cpu_usage":0.79, "mem_usage":11871.3, "mem_total":15741.32, "timestamp":1726029120} {"service":"user-service"}
info: {"cpu_usage":1.33, "mem_usage":11874.28, "mem_total":15741.32, "timestamp":1726029125} {"service":"user-service"}
info: {"cpu_usage":0.95, "mem_usage":11867.94, "mem_total":15741.32, "timestamp":1726029130} {"service":"user-service"}
info: {"cpu_usage":1.7, "mem_usage":11681.6, "mem_total":15741.32, "timestamp":1726029135} {"service":"user-service"}
info: {"cpu_usage":2.22, "mem_usage":11689.65, "mem_total":15741.32, "timestamp":1726029140} {"service":"user-service"}
info: {"cpu_usage":0.87, "mem_usage":11692.72, "mem_total":15741.32, "timestamp":1726029145} {"service":"user-service"}
info: {"cpu_usage":2.65, "mem_usage":11914.61, "mem_total":15741.32, "timestamp":1726029150} {"service":"user-service"}
info: {"cpu_usage":1.09, "mem_usage":11905.01, "mem_total":15741.32, "timestamp":1726029155} {"service":"user-service"}
info: {"cpu_usage":0.49, "mem_usage":11878.5, "mem_total":15741.32, "timestamp":1726029160} {"service":"user-service"}
info: {"cpu_usage":0.87, "mem_usage":11867.72, "mem_total":15741.32, "timestamp":1726029165} {"service":"user-service"}
info: {"cpu_usage":0.78, "mem_usage":11945.58, "mem_total":15741.32, "timestamp":1726029170} {"service":"user-service"}
info: {"cpu_usage":2.06, "mem_usage":12151.74, "mem_total":15741.32, "timestamp":1726029175} {"service":"user-service"}
info: {"cpu_usage":2.43, "mem_usage":12195.17, "mem_total":15741.32, "timestamp":1726029180} {"service":"user-service"}
info: {"cpu_usage":3.8, "mem_usage":12201.5, "mem_total":15741.32, "timestamp":1726029185} {"service":"user-service"}
info: {"cpu_usage":0.66, "mem_usage":12168.82, "mem_total":15741.32, "timestamp":1726029190} {"service":"user-service"}
info: {"cpu_usage":0.49, "mem_usage":12118.42, "mem_total":15741.32, "timestamp":1726029195} {"service":"user-service"}
info: {"cpu_usage":0.97, "mem_usage":11793.64, "mem_total":15741.32, "timestamp":1726029200} {"service":"user-service"}
info: {"cpu_usage":1.75, "mem_usage":11769.76, "mem_total":15741.32, "timestamp":1726029205} {"service":"user-service"}
info: {"cpu_usage":0.57, "mem_usage":11758.08, "mem_total":15741.32, "timestamp":1726029210} {"service":"user-service"}
info: {"cpu_usage":1.16, "mem_usage":11739.3, "mem_total":15741.32, "timestamp":1726029215} {"service":"user-service"}
info: {"cpu_usage":1.55, "mem_usage":11748.44, "mem_total":15741.32, "timestamp":1726029220} {"service":"user-service"}
info: {"cpu_usage":0.98, "mem_usage":11742.82, "mem_total":15741.32, "timestamp":1726029225} {"service":"user-service"}
info: {"cpu_usage":1.93, "mem_usage":11776.85, "mem_total":15741.32, "timestamp":1726029230} {"service":"user-service"}
info: {"cpu_usage":1.83, "mem_usage":11768.01, "mem_total":15741.32, "timestamp":1726029235} {"service":"user-service"}
info: {"cpu_usage":2.91, "mem_usage":11800.39, "mem_total":15741.32, "timestamp":1726029240} {"service":"user-service"}
info: {"cpu_usage":1.07, "mem_usage":11960.29, "mem_total":15741.32, "timestamp":1726029245} {"service":"user-service"}
info: {"cpu_usage":1.36, "mem_usage":11942.35, "mem_total":15741.32, "timestamp":1726029250} {"service":"user-service"}
info: {"cpu_usage":1.45, "mem_usage":11941.43, "mem_total":15741.32, "timestamp":1726029255} {"service":"user-service"}
info: {"cpu_usage":2.69, "mem_usage":11744.69, "mem_total":15741.32, "timestamp":1726029260} {"service":"user-service"}
info: {"cpu_usage":1.24, "mem_usage":11801.76, "mem_total":15741.32, "timestamp":1726029265} {"service":"user-service"}
info: {"cpu_usage":2.52, "mem_usage":11817.98, "mem_total":15741.32, "timestamp":1726029270} {"service":"user-service"}
info: {"cpu_usage":0.68, "mem_usage":11802.78, "mem_total":15741.32, "timestamp":1726029275} {"service":"user-service"}
info: {"cpu_usage":0.77, "mem_usage":11795.96, "mem_total":15741.32, "timestamp":1726029280} {"service":"user-service"}
info: {"cpu_usage":0.57, "mem_usage":11828.75, "mem_total":15741.32, "timestamp":1726029285} {"service":"user-service"}
info: {"cpu_usage":2.12, "mem_usage":11813.89, "mem_total":15741.32, "timestamp":1726029290} {"service":"user-service"}
info: {"cpu_usage":1.18, "mem_usage":11831.54, "mem_total":15741.32, "timestamp":1726029295} {"service":"user-service"}
info: {"cpu_usage":2.85, "mem_usage":11856.4, "mem_total":15741.32, "timestamp":1726029300} {"service":"user-service"}
info: {"cpu_usage":0.49, "mem_usage":11779.58, "mem_total":15741.32, "timestamp":1726029305} {"service":"user-service"}
info: {"cpu_usage":1.38, "mem_usage":11793.05, "mem_total":15741.32, "timestamp":1726029310} {"service":"user-service"}
info: {"cpu_usage":0.86, "mem_usage":11800.57, "mem_total":15741.32, "timestamp":1726029315} {"service":"user-service"}
info: {"cpu_usage":1.95, "mem_usage":11820.62, "mem_total":15741.32, "timestamp":1726029320} {"service":"user-service"}
info: {"cpu_usage":2.41, "mem_usage":11773.5, "mem_total":15741.32, "timestamp":1726029325} {"service":"user-service"}
info: {"cpu_usage":0.98, "mem_usage":11756.3, "mem_total":15741.32, "timestamp":1726029330} {"service":"user-service"}
info: {"cpu_usage":0.58, "mem_usage":11795.25, "mem_total":15741.32, "timestamp":1726029335} {"service":"user-service"}
info: {"cpu_usage":0.87, "mem_usage":11723.12, "mem_total":15741.32, "timestamp":1726029340} {"service":"user-service"}
info: {"cpu_usage":2.33, "mem_usage":11795.16, "mem_total":15741.32, "timestamp":1726029345} {"service":"user-service"}
info: {"cpu_usage":2.45, "mem_usage":11762.65, "mem_total":15741.32, "timestamp":1726029350} {"service":"user-service"}
info: {"cpu_usage":1.63, "mem_usage":11766.48, "mem_total":15741.32, "timestamp":1726029355} {"service":"user-service"}
info: {"cpu_usage":0.68, "mem_usage":11792.7, "mem_total":15741.32, "timestamp":1726029360} {"service":"user-service"}
info: {"cpu_usage":0.2, "mem_usage":11839.16, "mem_total":15741.32, "timestamp":1726029365} {"service":"user-service"}
info: {"cpu_usage":1.45, "mem_usage":11842.64, "mem_total":15741.32, "timestamp":1726029370} {"service":"user-service"}
info: {"cpu_usage":1.44, "mem_usage":12020.7, "mem_total":15741.32, "timestamp":1726029375} {"service":"user-service"}
info: {"cpu_usage":1.25, "mem_usage":12043.84, "mem_total":15741.32, "timestamp":1726029380} {"service":"user-service"}
info: {"cpu_usage":1.65, "mem_usage":11840.91, "mem_total":15741.32, "timestamp":1726029385} {"service":"user-service"}
info: {"cpu_usage":0.49, "mem_usage":11760.19, "mem_total":15741.32, "timestamp":1726029390} {"service":"user-service"}
info: {"cpu_usage":0.78, "mem_usage":11750.98, "mem_total":15741.32, "timestamp":1726029395} {"service":"user-service"}
info: {"cpu_usage":1.37, "mem_usage":11916.37, "mem_total":15741.32, "timestamp":1726029400} {"service":"user-service"}
info: {"cpu_usage":0.98, "mem_usage":11964.41, "mem_total":15741.32, "timestamp":1726029405} {"service":"user-service"}
info: {"cpu_usage":0.39, "mem_usage":11924.39, "mem_total":15741.32, "timestamp":1726029410} {"service":"user-service"}
info: {"cpu_usage":0.39, "mem_usage":11923.83, "mem_total":15741.32, "timestamp":1726029415} {"service":"user-service"}
info: {"cpu_usage":0.39, "mem_usage":11919.02, "mem_total":15741.32, "timestamp":1726029420} {"service":"user-service"}
info: {"cpu_usage":0.88, "mem_usage":11905.41, "mem_total":15741.32, "timestamp":1726029425} {"service":"user-service"}
info: {"cpu_usage":0.39, "mem_usage":11916.93, "mem_total":15741.32, "timestamp":1726029430} {"service":"user-service"}
info: {"cpu_usage":1.83, "mem_usage":11916.1, "mem_total":15741.32, "timestamp":1726029435} {"service":"user-service"}
info: {"cpu_usage":2.45, "mem_usage":11957.84, "mem_total":15741.32, "timestamp":1726029440} {"service":"user-service"}
info: {"cpu_usage":0.29, "mem_usage":11957.8, "mem_total":15741.32, "timestamp":1726029445} {"service":"user-service"}
info: {"cpu_usage":3.17, "mem_usage":11902.41, "mem_total":15741.32, "timestamp":1726029450} {"service":"user-service"}
info: {"cpu_usage":0.29, "mem_usage":11905.06, "mem_total":15741.32, "timestamp":1726029455} {"service":"user-service"}
info: {"cpu_usage":1.65, "mem_usage":11909.11, "mem_total":15741.32, "timestamp":1726029460} {"service":"user-service"}
info: {"cpu_usage":1.37, "mem_usage":11886.52, "mem_total":15741.32, "timestamp":1726029465} {"service":"user-service"}
info: {"cpu_usage":1.33, "mem_usage":11900.17, "mem_total":15741.32, "timestamp":1726029470} {"service":"user-service"}
info: {"cpu_usage":0.59, "mem_usage":11906.36, "mem_total":15741.32, "timestamp":1726029475} {"service":"user-service"}
info: {"cpu_usage":1.84, "mem_usage":11890.01, "mem_total":15741.32, "timestamp":1726029480} {"service":"user-service"}
info: {"cpu_usage":2.02, "mem_usage":11917.17, "mem_total":15741.32, "timestamp":1726029485} {"service":"user-service"}
info: {"cpu_usage":1.05, "mem_usage":11770.04, "mem_total":15741.32, "timestamp":1726029490} {"service":"user-service"}
info: {"cpu_usage":1.46, "mem_usage":11737.41, "mem_total":15741.32, "timestamp":1726029495} {"service":"user-service"}
info: {"cpu_usage":0.76, "mem_usage":11731.89, "mem_total":15741.32, "timestamp":1726029500} {"service":"user-service"}
info: {"cpu_usage":0.97, "mem_usage":11735.54, "mem_total":15741.32, "timestamp":1726029505} {"service":"user-service"}
info: {"cpu_usage":0.39, "mem_usage":11762.15, "mem_total":15741.32, "timestamp":1726029510} {"service":"user-service"}
info: {"cpu_usage":0.39, "mem_usage":11755.95, "mem_total":15741.32, "timestamp":1726029515} {"service":"user-service"}
info: {"cpu_usage":0.77, "mem_usage":11763.81, "mem_total":15741.32, "timestamp":1726029520} {"service":"user-service"}
info: {"cpu_usage":0.48, "mem_usage":11737.38, "mem_total":15741.32, "timestamp":1726029525} {"service":"user-service"}
info: {"cpu_usage":0.89, "mem_usage":11740.12, "mem_total":15741.32, "timestamp":1726029530} {"service":"user-service"}
info: {"cpu_usage":1.49, "mem_usage":11740.26, "mem_total":15741.32, "timestamp":1726029535} {"service":"user-service"}
info: {"cpu_usage":0.88, "mem_usage":11752.04, "mem_total":15741.32, "timestamp":1726029540} {"service":"user-service"}
info: {"cpu_usage":1.26, "mem_usage":11747.99, "mem_total":15741.32, "timestamp":1726029545} {"service":"user-service"}
info: {"cpu_usage":0.6, "mem_usage":11796.05, "mem_total":15741.32, "timestamp":1726029550} {"service":"user-service"}
info: {"cpu_usage":0.68, "mem_usage":11794.26, "mem_total":15741.32, "timestamp":1726029555} {"service":"user-service"}
info: {"cpu_usage":0.58, "mem_usage":11798.59, "mem_total":15741.32, "timestamp":1726029560} {"service":"user-service"}
info: {"cpu_usage":1.86, "mem_usage":11753.19, "mem_total":15741.32, "timestamp":1726029565} {"service":"user-service"}
info: {"cpu_usage":1.36, "mem_usage":11726.49, "mem_total":15741.32, "timestamp":1726029570} {"service":"user-service"}
info: {"cpu_usage":1.56, "mem_usage":11749.04, "mem_total":15741.32, "timestamp":1726029575} {"service":"user-service"}
info: {"cpu_usage":1.56, "mem_usage":11749.76, "mem_total":15741.32, "timestamp":1726029580} {"service":"user-service"}
info: {"cpu_usage":1.73, "mem_usage":11764.57, "mem_total":15741.32, "timestamp":1726029585} {"service":"user-service"}
info: {"cpu_usage":1.57, "mem_usage":11781.17, "mem_total":15741.32, "timestamp":1726029590} {"service":"user-service"}
info: {"cpu_usage":1.73, "mem_usage":11762.52, "mem_total":15741.32, "timestamp":1726029595} {"service":"user-service"}
info: {"cpu_usage":1.48, "mem_usage":11759.77, "mem_total":15741.32, "timestamp":1726029600} {"service":"user-service"}
info: {"cpu_usage":1.46, "mem_usage":11763.28, "mem_total":15741.32, "timestamp":1726029605} {"service":"user-service"}
info: {"cpu_usage":1.75, "mem_usage":11827.8, "mem_total":15741.32, "timestamp":1726029610} {"service":"user-service"}
info: {"cpu_usage":3.58, "mem_usage":11793.22, "mem_total":15741.32, "timestamp":1726029615} {"service":"user-service"}
info: {"cpu_usage":0.68, "mem_usage":11790.27, "mem_total":15741.32, "timestamp":1726029620} {"service":"user-service"}
info: {"cpu_usage":1.54, "mem_usage":11751.42, "mem_total":15741.32, "timestamp":1726029625} {"service":"user-service"}
info: {"cpu_usage":1.46, "mem_usage":11801.18, "mem_total":15741.32, "timestamp":1726029630} {"service":"user-service"}
info: {"cpu_usage":1.24, "mem_usage":11846.8, "mem_total":15741.32, "timestamp":1726029635} {"service":"user-service"}
info: {"cpu_usage":1.38, "mem_usage":11889.71, "mem_total":15741.32, "timestamp":1726029640} {"service":"user-service"}
info: {"cpu_usage":1.17, "mem_usage":11869.43, "mem_total":15741.32, "timestamp":1726029645} {"service":"user-service"}
info: {"cpu_usage":2.67, "mem_usage":11798.52, "mem_total":15741.32, "timestamp":1726029650} {"service":"user-service"}
info: {"cpu_usage":0.89, "mem_usage":11805.5, "mem_total":15741.32, "timestamp":1726029655} {"service":"user-service"}
info: {"cpu_usage":4.28, "mem_usage":11998.95, "mem_total":15741.32, "timestamp":1726029660} {"service":"user-service"}
info: {"cpu_usage":1.16, "mem_usage":12003.34, "mem_total":15741.32, "timestamp":1726029665} {"service":"user-service"}
info: {"cpu_usage":1.54, "mem_usage":12023.4, "mem_total":15741.32, "timestamp":1726029670} {"service":"user-service"}
info: {"cpu_usage":0.69, "mem_usage":12018.66, "mem_total":15741.32, "timestamp":1726029675} {"service":"user-service"}
info: {"cpu_usage":1.43, "mem_usage":12015, "mem_total":15741.32, "timestamp":1726029680} {"service":"user-service"}
info: {"cpu_usage":0.86, "mem_usage":11984.95, "mem_total":15741.32, "timestamp":1726029685} {"service":"user-service"}
info: {"cpu_usage":1.91, "mem_usage":12003.57, "mem_total":15741.32, "timestamp":1726029690} {"service":"user-service"}
info: {"cpu_usage":2.54, "mem_usage":11983.26, "mem_total":15741.32, "timestamp":1726029695} {"service":"user-service"}
info: {"cpu_usage":2.8, "mem_usage":11746.06, "mem_total":15741.32, "timestamp":1726029700} {"service":"user-service"}
info: {"cpu_usage":3.08, "mem_usage":11742.73, "mem_total":15741.32, "timestamp":1726029705} {"service":"user-service"}
info: {"cpu_usage":3.07, "mem_usage":11734.89, "mem_total":15741.32, "timestamp":1726029710} {"service":"user-service"}
info: {"cpu_usage":5.87, "mem_usage":11973.29, "mem_total":15741.32, "timestamp":1726029715} {"service":"user-service"}
info: {"cpu_usage":2.58, "mem_usage":12095.86, "mem_total":15741.32, "timestamp":1726029720} {"service":"user-service"}
info: {"cpu_usage":1.05, "mem_usage":12066, "mem_total":15741.32, "timestamp":1726029725} {"service":"user-service"}
info: {"cpu_usage":0.09, "mem_usage":12058.04, "mem_total":15741.32, "timestamp":1726029730} {"service":"user-service"}
info: {"cpu_usage":1.57, "mem_usage":12075.21, "mem_total":15741.32, "timestamp":1726029735} {"service":"user-service"}
info: {"cpu_usage":1.06, "mem_usage":12067.33, "mem_total":15741.32, "timestamp":1726029740} {"service":"user-service"}
info: {"cpu_usage":0.59, "mem_usage":12078.6, "mem_total":15741.32, "timestamp":1726029745} {"service":"user-service"}
info: {"cpu_usage":2.78, "mem_usage":12029.13, "mem_total":15741.32, "timestamp":1726029751} {"service":"user-service"}
info: {"cpu_usage":0.58, "mem_usage":12048.86, "mem_total":15741.32, "timestamp":1726029756} {"service":"user-service"}
info: {"cpu_usage":1.05, "mem_usage":12054.09, "mem_total":15741.32, "timestamp":1726029761} {"service":"user-service"}
info: {"cpu_usage":1.26, "mem_usage":12047.64, "mem_total":15741.32, "timestamp":1726029766} {"service":"user-service"}
info: {"cpu_usage":0.39, "mem_usage":12088.85, "mem_total":15741.32, "timestamp":1726029771} {"service":"user-service"}
info: {"cpu_usage":2.67, "mem_usage":12161.31, "mem_total":15741.32, "timestamp":1726029776} {"service":"user-service"}
info: {"cpu_usage":1.16, "mem_usage":12156.82, "mem_total":15741.32, "timestamp":1726029781} {"service":"user-service"}
info: {"cpu_usage":2.43, "mem_usage":12166.71, "mem_total":15741.32, "timestamp":1726029786} {"service":"user-service"}
info: {"cpu_usage":2.03, "mem_usage":12169.5, "mem_total":15741.32, "timestamp":1726029791} {"service":"user-service"}
info: {"cpu_usage":1.17, "mem_usage":12175.45, "mem_total":15741.32, "timestamp":1726029796} {"service":"user-service"}
info: {"cpu_usage":1.17, "mem_usage":12209.47, "mem_total":15741.32, "timestamp":1726029801} {"service":"user-service"}
info: {"cpu_usage":1.64, "mem_usage":12216.73, "mem_total":15741.32, "timestamp":1726029806} {"service":"user-service"}
info: {"cpu_usage":1.44, "mem_usage":12203.09, "mem_total":15741.32, "timestamp":1726029811} {"service":"user-service"}
info: {"cpu_usage":1.05, "mem_usage":12044.67, "mem_total":15741.32, "timestamp":1726029816} {"service":"user-service"}
info: {"cpu_usage":2.72, "mem_usage":12043.83, "mem_total":15741.32, "timestamp":1726029821} {"service":"user-service"}
info: {"cpu_usage":3.83, "mem_usage":12173.59, "mem_total":15741.32, "timestamp":1726029826} {"service":"user-service"}
info: {"cpu_usage":0.77, "mem_usage":12173.96, "mem_total":15741.32, "timestamp":1726029831} {"service":"user-service"}
info: {"cpu_usage":1.84, "mem_usage":12113.89, "mem_total":15741.32, "timestamp":1726029836} {"service":"user-service"}
info: {"cpu_usage":0.78, "mem_usage":12119.36, "mem_total":15741.32, "timestamp":1726029841} {"service":"user-service"}
info: {"cpu_usage":1.27, "mem_usage":12135.41, "mem_total":15741.32, "timestamp":1726029846} {"service":"user-service"}
info: {"cpu_usage":0.28, "mem_usage":12166.98, "mem_total":15741.32, "timestamp":1726029851} {"service":"user-service"}
info: {"cpu_usage":0.49, "mem_usage":12124.59, "mem_total":15741.32, "timestamp":1726029856} {"service":"user-service"}
info: {"cpu_usage":0.2, "mem_usage":12126.46, "mem_total":15741.32, "timestamp":1726029861} {"service":"user-service"}
info: {"cpu_usage":0.39, "mem_usage":12125.25, "mem_total":15741.32, "timestamp":1726029866} {"service":"user-service"}
info: {"cpu_usage":0.1, "mem_usage":12127.41, "mem_total":15741.32, "timestamp":1726029871} {"service":"user-service"}
info: {"cpu_usage":0.29, "mem_usage":12118, "mem_total":15741.32, "timestamp":1726029876} {"service":"user-service"}
info: {"cpu_usage":0.19, "mem_usage":12119.47, "mem_total":15741.32, "timestamp":1726029881} {"service":"user-service"}
info: {"cpu_usage":3.74, "mem_usage":12103.9, "mem_total":15741.32, "timestamp":1726029886} {"service":"user-service"}
info: {"cpu_usage":2.5, "mem_usage":12109.24, "mem_total":15741.32, "timestamp":1726029891} {"service":"user-service"}
info: {"cpu_usage":0.1, "mem_usage":12095.75, "mem_total":15741.32, "timestamp":1726029896} {"service":"user-service"}
info: {"cpu_usage":0.1, "mem_usage":12078.19, "mem_total":15741.32, "timestamp":1726029901} {"service":"user-service"}
info: {"cpu_usage":0.69, "mem_usage":12075.62, "mem_total":15741.32, "timestamp":1726029906} {"service":"user-service"}
info: {"cpu_usage":0.88, "mem_usage":12074.08, "mem_total":15741.32, "timestamp":1726029911} {"service":"user-service"}
info: {"cpu_usage":0.29, "mem_usage":12065.94, "mem_total":15741.32, "timestamp":1726029916} {"service":"user-service"}
info: {"cpu_usage":0.19, "mem_usage":12018.83, "mem_total":15741.32, "timestamp":1726029921} {"service":"user-service"}
info: {"cpu_usage":0.48, "mem_usage":12019.41, "mem_total":15741.32, "timestamp":1726029926} {"service":"user-service"}
info: {"cpu_usage":0.1, "mem_usage":12021, "mem_total":15741.32, "timestamp":1726029931} {"service":"user-service"}
info: {"cpu_usage":0.38, "mem_usage":12063.84, "mem_total":15741.32, "timestamp":1726029936} {"service":"user-service"}
info: {"cpu_usage":0.4, "mem_usage":12079.32, "mem_total":15741.32, "timestamp":1726029941} {"service":"user-service"}
info: {"cpu_usage":0.29, "mem_usage":12070.89, "mem_total":15741.32, "timestamp":1726029946} {"service":"user-service"}
info: {"cpu_usage":0.19, "mem_usage":12068.64, "mem_total":15741.32, "timestamp":1726029951} {"service":"user-service"}
info: {"cpu_usage":4.23, "mem_usage":12036.59, "mem_total":15741.32, "timestamp":1726029956} {"service":"user-service"}
info: {"cpu_usage":7.42, "mem_usage":12085.36, "mem_total":15741.32, "timestamp":1726029961} {"service":"user-service"}
info: {"cpu_usage":1.86, "mem_usage":12110.88, "mem_total":15741.32, "timestamp":1726029966} {"service":"user-service"}
info: {"cpu_usage":0.58, "mem_usage":12114, "mem_total":15741.32, "timestamp":1726029971} {"service":"user-service"}
info: {"cpu_usage":0.88, "mem_usage":12129.84, "mem_total":15741.32, "timestamp":1726029976} {"service":"user-service"}
info: {"cpu_usage":0.96, "mem_usage":12122.23, "mem_total":15741.32, "timestamp":1726029981} {"service":"user-service"}
info: {"cpu_usage":0.29, "mem_usage":12119.2, "mem_total":15741.32, "timestamp":1726029986} {"service":"user-service"}
info: {"cpu_usage":0.49, "mem_usage":12125.42, "mem_total":15741.32, "timestamp":1726029991} {"service":"user-service"}
info: {"cpu_usage":1.27, "mem_usage":12126.66, "mem_total":15741.32, "timestamp":1726029996} {"service":"user-service"}
info: {"cpu_usage":1.28, "mem_usage":12135.18, "mem_total":15741.32, "timestamp":1726030001} {"service":"user-service"}
info: {"cpu_usage":1.36, "mem_usage":12120.01, "mem_total":15741.32, "timestamp":1726030006} {"service":"user-service"}
info: {"cpu_usage":5.53, "mem_usage":12094.19, "mem_total":15741.32, "timestamp":1726030011} {"service":"user-service"}
info: {"cpu_usage":1.15, "mem_usage":12112.77, "mem_total":15741.32, "timestamp":1726030016} {"service":"user-service"}
info: {"cpu_usage":1.17, "mem_usage":12078.84, "mem_total":15741.32, "timestamp":1726030021} {"service":"user-service"}
info: {"cpu_usage":2.78, "mem_usage":12087.04, "mem_total":15741.32, "timestamp":1726030026} {"service":"user-service"}
info: {"cpu_usage":0.1, "mem_usage":11977.32, "mem_total":15741.32, "timestamp":1726030031} {"service":"user-service"}
info: {"cpu_usage":0.96, "mem_usage":12003.74, "mem_total":15741.32, "timestamp":1726030036} {"service":"user-service"}
info: {"cpu_usage":1.54, "mem_usage":12005.73, "mem_total":15741.32, "timestamp":1726030041} {"service":"user-service"}
info: {"cpu_usage":1.55, "mem_usage":11985.49, "mem_total":15741.32, "timestamp":1726030046} {"service":"user-service"}
info: {"cpu_usage":0.78, "mem_usage":12068.67, "mem_total":15741.32, "timestamp":1726030051} {"service":"user-service"}
info: {"cpu_usage":1.85, "mem_usage":11991.1, "mem_total":15741.32, "timestamp":1726030056} {"service":"user-service"}
info: {"cpu_usage":0.19, "mem_usage":12017.54, "mem_total":15741.32, "timestamp":1726030061} {"service":"user-service"}
info: {"cpu_usage":2.22, "mem_usage":12004.71, "mem_total":15741.32, "timestamp":1726030066} {"service":"user-service"}
info: {"cpu_usage":0.1, "mem_usage":12008.15, "mem_total":15741.32, "timestamp":1726030071} {"service":"user-service"}
info: {"cpu_usage":3.79, "mem_usage":12074.95, "mem_total":15741.32, "timestamp":1726030076} {"service":"user-service"}
info: {"cpu_usage":0.78, "mem_usage":12132.76, "mem_total":15741.32, "timestamp":1726030081} {"service":"user-service"}
info: {"cpu_usage":0.1, "mem_usage":12117, "mem_total":15741.32, "timestamp":1726030086} {"service":"user-service"}
info: {"cpu_usage":0.87, "mem_usage":12070.8, "mem_total":15741.32, "timestamp":1726030091} {"service":"user-service"}
info: {"cpu_usage":3.06, "mem_usage":12073.06, "mem_total":15741.32, "timestamp":1726030096} {"service":"user-service"}
info: {"cpu_usage":0.5, "mem_usage":12062.82, "mem_total":15741.32, "timestamp":1726030101} {"service":"user-service"}
info: {"cpu_usage":3.55, "mem_usage":12037.38, "mem_total":15741.32, "timestamp":1726030106} {"service":"user-service"}
info: {"cpu_usage":1.05, "mem_usage":12057.33, "mem_total":15741.32, "timestamp":1726030111} {"service":"user-service"}
info: {"cpu_usage":0.95, "mem_usage":12064.21, "mem_total":15741.32, "timestamp":1726030116} {"service":"user-service"}
info: {"cpu_usage":1.8, "mem_usage":12086.62, "mem_total":15741.32, "timestamp":1726030121} {"service":"user-service"}
info: {"cpu_usage":1.16, "mem_usage":12140.19, "mem_total":15741.32, "timestamp":1726030126} {"service":"user-service"}
info: {"cpu_usage":2.34, "mem_usage":12148.4, "mem_total":15741.32, "timestamp":1726030131} {"service":"user-service"}
info: {"cpu_usage":2.3, "mem_usage":12078.43, "mem_total":15741.32, "timestamp":1726030136} {"service":"user-service"}
info: {"cpu_usage":1.07, "mem_usage":12097.75, "mem_total":15741.32, "timestamp":1726030141} {"service":"user-service"}
info: {"cpu_usage":0.86, "mem_usage":12086.71, "mem_total":15741.32, "timestamp":1726030146} {"service":"user-service"}
info: {"cpu_usage":8.4, "mem_usage":12106.22, "mem_total":15741.32, "timestamp":1726030151} {"service":"user-service"}
info: {"cpu_usage":1.16, "mem_usage":12104.12, "mem_total":15741.32, "timestamp":1726030156} {"service":"user-service"}
info: {"cpu_usage":0.77, "mem_usage":12096.24, "mem_total":15741.32, "timestamp":1726030161} {"service":"user-service"}
info: {"cpu_usage":2.44, "mem_usage":12095.95, "mem_total":15741.32, "timestamp":1726030166} {"service":"user-service"}
info: {"cpu_usage":0.59, "mem_usage":12118.99, "mem_total":15741.32, "timestamp":1726030171} {"service":"user-service"}
info: {"cpu_usage":3.1, "mem_usage":12081.51, "mem_total":15741.32, "timestamp":1726030176} {"service":"user-service"}
info: {"cpu_usage":0.29, "mem_usage":12106.2, "mem_total":15741.32, "timestamp":1726030181} {"service":"user-service"}
info: {"cpu_usage":0.19, "mem_usage":12103.14, "mem_total":15741.32, "timestamp":1726030186} {"service":"user-service"}
info: {"cpu_usage":0.19, "mem_usage":12105.01, "mem_total":15741.32, "timestamp":1726030191} {"service":"user-service"}
info: {"cpu_usage":0.39, "mem_usage":12103.04, "mem_total":15741.32, "timestamp":1726030196} {"service":"user-service"}
info: {"cpu_usage":0.67, "mem_usage":12106.16, "mem_total":15741.32, "timestamp":1726030201} {"service":"user-service"}
info: {"cpu_usage":0.3, "mem_usage":12112.65, "mem_total":15741.32, "timestamp":1726030206} {"service":"user-service"}
info: {"cpu_usage":0.57, "mem_usage":12105.84, "mem_total":15741.32, "timestamp":1726030211} {"service":"user-service"}
info: {"cpu_usage":0.68, "mem_usage":12114.5, "mem_total":15741.32, "timestamp":1726030216} {"service":"user-service"}
info: {"cpu_usage":0.39, "mem_usage":12121.39, "mem_total":15741.32, "timestamp":1726030221} {"service":"user-service"}
info: {"cpu_usage":2.91, "mem_usage":12063.21, "mem_total":15741.32, "timestamp":1726030226} {"service":"user-service"}
info: {"cpu_usage":0.58, "mem_usage":12064.09, "mem_total":15741.32, "timestamp":1726030231} {"service":"user-service"}
info: {"cpu_usage":5.01, "mem_usage":11955.43, "mem_total":15741.32, "timestamp":1726030236} {"service":"user-service"}
info: {"cpu_usage":3.79, "mem_usage":11957.39, "mem_total":15741.32, "timestamp":1726030241} {"service":"user-service"}
info: {"cpu_usage":6.86, "mem_usage":11954.79, "mem_total":15741.32, "timestamp":1726030246} {"service":"user-service"}
info: {"cpu_usage":2.23, "mem_usage":11971.11, "mem_total":15741.32, "timestamp":1726030251} {"service":"user-service"}
info: {"cpu_usage":1.07, "mem_usage":11908.82, "mem_total":15741.32, "timestamp":1726030256} {"service":"user-service"}
info: {"cpu_usage":0.69, "mem_usage":11929.91, "mem_total":15741.32, "timestamp":1726030261} {"service":"user-service"}
info: {"cpu_usage":1.26, "mem_usage":11942.13, "mem_total":15741.32, "timestamp":1726030266} {"service":"user-service"}
info: {"cpu_usage":0.79, "mem_usage":12085.44, "mem_total":15741.32, "timestamp":1726030271} {"service":"user-service"}
info: {"cpu_usage":3.16, "mem_usage":11947.18, "mem_total":15741.32, "timestamp":1726030276} {"service":"user-service"}
info: {"cpu_usage":8.09, "mem_usage":12281.47, "mem_total":15741.32, "timestamp":1726030281} {"service":"user-service"}
info: {"cpu_usage":3.35, "mem_usage":12152.28, "mem_total":15741.32, "timestamp":1726030286} {"service":"user-service"}
info: {"cpu_usage":3.7, "mem_usage":12199.5, "mem_total":15741.32, "timestamp":1726030291} {"service":"user-service"}
info: {"cpu_usage":2.39, "mem_usage":12072.85, "mem_total":15741.32, "timestamp":1726030296} {"service":"user-service"}
info: {"cpu_usage":0.58, "mem_usage":11852.48, "mem_total":15741.32, "timestamp":1726030301} {"service":"user-service"}
info: {"cpu_usage":2.32, "mem_usage":11854.88, "mem_total":15741.32, "timestamp":1726030306} {"service":"user-service"}
info: {"cpu_usage":12.4, "mem_usage":12026.57, "mem_total":15741.32, "timestamp":1726030311} {"service":"user-service"}
info: {"cpu_usage":3.9, "mem_usage":11997.65, "mem_total":15741.32, "timestamp":1726030316} {"service":"user-service"}
info: {"cpu_usage":3.15, "mem_usage":12079.52, "mem_total":15741.32, "timestamp":1726030321} {"service":"user-service"}
info: {"cpu_usage":1.27, "mem_usage":12073.84, "mem_total":15741.32, "timestamp":1726030326} {"service":"user-service"}
info: {"cpu_usage":2.86, "mem_usage":12057.33, "mem_total":15741.32, "timestamp":1726030331} {"service":"user-service"}
info: {"cpu_usage":0.49, "mem_usage":12056.53, "mem_total":15741.32, "timestamp":1726030336} {"service":"user-service"}
info: {"cpu_usage":1.56, "mem_usage":12067.76, "mem_total":15741.32, "timestamp":1726030341} {"service":"user-service"}
info: {"cpu_usage":5.47, "mem_usage":12165.24, "mem_total":15741.32, "timestamp":1726030346} {"service":"user-service"}
info: {"cpu_usage":4.94, "mem_usage":12160.45, "mem_total":15741.32, "timestamp":1726030351} {"service":"user-service"}
info: {"cpu_usage":3.41, "mem_usage":12121.48, "mem_total":15741.32, "timestamp":1726030356} {"service":"user-service"}
info: {"cpu_usage":4.22, "mem_usage":12279.26, "mem_total":15741.32, "timestamp":1726030361} {"service":"user-service"}
info: {"cpu_usage":0.39, "mem_usage":12244.4, "mem_total":15741.32, "timestamp":1726030366} {"service":"user-service"}
info: {"cpu_usage":0, "mem_usage":12226.71, "mem_total":15741.32, "timestamp":1726030371} {"service":"user-service"}
info: {"cpu_usage":0.98, "mem_usage":12211.45, "mem_total":15741.32, "timestamp":1726030376} {"service":"user-service"}
info: {"cpu_usage":1.06, "mem_usage":12232.64, "mem_total":15741.32, "timestamp":1726030381} {"service":"user-service"}
info: {"cpu_usage":0.77, "mem_usage":12212.36, "mem_total":15741.32, "timestamp":1726030386} {"service":"user-service"}
info: {"cpu_usage":1.73, "mem_usage":12222.75, "mem_total":15741.32, "timestamp":1726030391} {"service":"user-service"}
info: {"cpu_usage":0.88, "mem_usage":12224.97, "mem_total":15741.32, "timestamp":1726030396} {"service":"user-service"}
info: {"cpu_usage":0.87, "mem_usage":12225.42, "mem_total":15741.32, "timestamp":1726030401} {"service":"user-service"}
info: {"cpu_usage":0.87, "mem_usage":12228.94, "mem_total":15741.32, "timestamp":1726030406} {"service":"user-service"}
info: {"cpu_usage":1.34, "mem_usage":12158.46, "mem_total":15741.32, "timestamp":1726030411} {"service":"user-service"}
info: {"cpu_usage":1.15, "mem_usage":12160.91, "mem_total":15741.32, "timestamp":1726030416} {"service":"user-service"}
info: {"cpu_usage":0.61, "mem_usage":12147.96, "mem_total":15741.32, "timestamp":1726030421} {"service":"user-service"}
info: {"cpu_usage":1.14, "mem_usage":12132.31, "mem_total":15741.32, "timestamp":1726030426} {"service":"user-service"}
info: {"cpu_usage":2.8, "mem_usage":12158.54, "mem_total":15741.32, "timestamp":1726030431} {"service":"user-service"}
info: {"cpu_usage":1.74, "mem_usage":12137.9, "mem_total":15741.32, "timestamp":1726030436} {"service":"user-service"}
info: {"cpu_usage":0.88, "mem_usage":12171.12, "mem_total":15741.32, "timestamp":1726030441} {"service":"user-service"}
info: {"cpu_usage":0.76, "mem_usage":12173.25, "mem_total":15741.32, "timestamp":1726030446} {"service":"user-service"}
info: {"cpu_usage":2.69, "mem_usage":12184.86, "mem_total":15741.32, "timestamp":1726030451} {"service":"user-service"}
info: {"cpu_usage":0.39, "mem_usage":12188.63, "mem_total":15741.32, "timestamp":1726030456} {"service":"user-service"}
info: {"cpu_usage":1.34, "mem_usage":12180.21, "mem_total":15741.32, "timestamp":1726030461} {"service":"user-service"}
info: {"cpu_usage":1.45, "mem_usage":12195.78, "mem_total":15741.32, "timestamp":1726030466} {"service":"user-service"}
info: {"cpu_usage":1.65, "mem_usage":12225.41, "mem_total":15741.32, "timestamp":1726030471} {"service":"user-service"}
info: {"cpu_usage":0.68, "mem_usage":12217.32, "mem_total":15741.32, "timestamp":1726030476} {"service":"user-service"}
info: {"cpu_usage":3.38, "mem_usage":12225.39, "mem_total":15741.32, "timestamp":1726030481} {"service":"user-service"}
info: {"cpu_usage":6.05, "mem_usage":12239.13, "mem_total":15741.32, "timestamp":1726030486} {"service":"user-service"}
info: {"cpu_usage":1.08, "mem_usage":12228.58, "mem_total":15741.32, "timestamp":1726030491} {"service":"user-service"}
info: {"cpu_usage":0.88, "mem_usage":12236.63, "mem_total":15741.32, "timestamp":1726030496} {"service":"user-service"}
info: {"cpu_usage":0.98, "mem_usage":12257.4, "mem_total":15741.32, "timestamp":1726030501} {"service":"user-service"}
info: {"cpu_usage":1.84, "mem_usage":12241.58, "mem_total":15741.32, "timestamp":1726030506} {"service":"user-service"}
info: {"cpu_usage":1.46, "mem_usage":12254.23, "mem_total":15741.32, "timestamp":1726030511} {"service":"user-service"}
info: {"cpu_usage":2.03, "mem_usage":12015.58, "mem_total":15741.32, "timestamp":1726030516} {"service":"user-service"}
info: {"cpu_usage":0.19, "mem_usage":11988.88, "mem_total":15741.32, "timestamp":1726030521} {"service":"user-service"}
info: {"cpu_usage":0.49, "mem_usage":11976.82, "mem_total":15741.32, "timestamp":1726030526} {"service":"user-service"}
info: {"cpu_usage":1.82, "mem_usage":11946.57, "mem_total":15741.32, "timestamp":1726030531} {"service":"user-service"}
info: {"cpu_usage":6.51, "mem_usage":12033.71, "mem_total":15741.32, "timestamp":1726030536} {"service":"user-service"}
info: {"cpu_usage":1.15, "mem_usage":12038.2, "mem_total":15741.32, "timestamp":1726030541} {"service":"user-service"}
info: {"cpu_usage":1.85, "mem_usage":12035.59, "mem_total":15741.32, "timestamp":1726030547} {"service":"user-service"}
info: {"cpu_usage":2.61, "mem_usage":11995.1, "mem_total":15741.32, "timestamp":1726030552} {"service":"user-service"}
info: {"cpu_usage":0.5, "mem_usage":12001.44, "mem_total":15741.32, "timestamp":1726030557} {"service":"user-service"}
info: {"cpu_usage":0.19, "mem_usage":11989.43, "mem_total":15741.32, "timestamp":1726030562} {"service":"user-service"}
info: {"cpu_usage":1.44, "mem_usage":11985.91, "mem_total":15741.32, "timestamp":1726030567} {"service":"user-service"}
info: {"cpu_usage":1.08, "mem_usage":11974.28, "mem_total":15741.32, "timestamp":1726030572} {"service":"user-service"}
info: {"cpu_usage":0.59, "mem_usage":12025, "mem_total":15741.32, "timestamp":1726030577} {"service":"user-service"}
info: {"cpu_usage":0.87, "mem_usage":12026.32, "mem_total":15741.32, "timestamp":1726030582} {"service":"user-service"}
info: {"cpu_usage":0.4, "mem_usage":12022.63, "mem_total":15741.32, "timestamp":1726030587} {"service":"user-service"}
info: {"cpu_usage":0.89, "mem_usage":11985.05, "mem_total":15741.32, "timestamp":1726030592} {"service":"user-service"}
info: {"cpu_usage":0.39, "mem_usage":11941.49, "mem_total":15741.32, "timestamp":1726030597} {"service":"user-service"}
info: {"cpu_usage":1.07, "mem_usage":11945.45, "mem_total":15741.32, "timestamp":1726030602} {"service":"user-service"}
info: {"cpu_usage":1.62, "mem_usage":11952.96, "mem_total":15741.32, "timestamp":1726030607} {"service":"user-service"}
info: {"cpu_usage":0.86, "mem_usage":11945.75, "mem_total":15741.32, "timestamp":1726030612} {"service":"user-service"}
info: {"cpu_usage":0.78, "mem_usage":11989.61, "mem_total":15741.32, "timestamp":1726030617} {"service":"user-service"}
info: {"cpu_usage":0.89, "mem_usage":11991.11, "mem_total":15741.32, "timestamp":1726030622} {"service":"user-service"}
info: {"cpu_usage":1.48, "mem_usage":11934.33, "mem_total":15741.32, "timestamp":1726030627} {"service":"user-service"}
info: {"cpu_usage":0.59, "mem_usage":11934.46, "mem_total":15741.32, "timestamp":1726030632} {"service":"user-service"}
info: {"cpu_usage":0.99, "mem_usage":11971.74, "mem_total":15741.32, "timestamp":1726030637} {"service":"user-service"}
info: {"cpu_usage":2.49, "mem_usage":11981.17, "mem_total":15741.32, "timestamp":1726030642} {"service":"user-service"}
info: {"cpu_usage":1.25, "mem_usage":11987.3, "mem_total":15741.32, "timestamp":1726030647} {"service":"user-service"}
info: {"cpu_usage":0.97, "mem_usage":11975.12, "mem_total":15741.32, "timestamp":1726030652} {"service":"user-service"}
info: {"cpu_usage":1.46, "mem_usage":11997.48, "mem_total":15741.32, "timestamp":1726030657} {"service":"user-service"}
info: {"cpu_usage":1.35, "mem_usage":11994.34, "mem_total":15741.32, "timestamp":1726030662} {"service":"user-service"}
info: {"cpu_usage":7.85, "mem_usage":11993.82, "mem_total":15741.32, "timestamp":1726030667} {"service":"user-service"}
info: {"cpu_usage":0.89, "mem_usage":12007.2, "mem_total":15741.32, "timestamp":1726030672} {"service":"user-service"}
info: {"cpu_usage":0.29, "mem_usage":11996.41, "mem_total":15741.32, "timestamp":1726030677} {"service":"user-service"}
info: {"cpu_usage":0.57, "mem_usage":11994.21, "mem_total":15741.32, "timestamp":1726030682} {"service":"user-service"}
info: {"cpu_usage":2.42, "mem_usage":12107.29, "mem_total":15741.32, "timestamp":1726030687} {"service":"user-service"}
info: {"cpu_usage":2.22, "mem_usage":12065.95, "mem_total":15741.32, "timestamp":1726030692} {"service":"user-service"}
info: {"cpu_usage":1.83, "mem_usage":12087.64, "mem_total":15741.32, "timestamp":1726030697} {"service":"user-service"}
info: {"cpu_usage":1.26, "mem_usage":12062.61, "mem_total":15741.32, "timestamp":1726030702} {"service":"user-service"}
info: {"cpu_usage":0.79, "mem_usage":12093.39, "mem_total":15741.32, "timestamp":1726030707} {"service":"user-service"}
info: {"cpu_usage":1.25, "mem_usage":12077.36, "mem_total":15741.32, "timestamp":1726030712} {"service":"user-service"}
info: {"cpu_usage":1.65, "mem_usage":12077.42, "mem_total":15741.32, "timestamp":1726030717} {"service":"user-service"}
info: {"cpu_usage":1.44, "mem_usage":12082.82, "mem_total":15741.32, "timestamp":1726030722} {"service":"user-service"}
info: {"cpu_usage":1.97, "mem_usage":12064.46, "mem_total":15741.32, "timestamp":1726030727} {"service":"user-service"}
info: {"cpu_usage":3.1, "mem_usage":12106.13, "mem_total":15741.32, "timestamp":1726030732} {"service":"user-service"}
info: {"cpu_usage":3.41, "mem_usage":12097.99, "mem_total":15741.32, "timestamp":1726030737} {"service":"user-service"}
info: {"cpu_usage":1.24, "mem_usage":12115.64, "mem_total":15741.32, "timestamp":1726030742} {"service":"user-service"}
info: {"cpu_usage":1.92, "mem_usage":12061.96, "mem_total":15741.32, "timestamp":1726030747} {"service":"user-service"}
info: {"cpu_usage":0.59, "mem_usage":12026.04, "mem_total":15741.32, "timestamp":1726030752} {"service":"user-service"}
info: {"cpu_usage":0.77, "mem_usage":12027.86, "mem_total":15741.32, "timestamp":1726030757} {"service":"user-service"}
info: {"cpu_usage":4.16, "mem_usage":12010.32, "mem_total":15741.32, "timestamp":1726030762} {"service":"user-service"}
info: {"cpu_usage":0.87, "mem_usage":12019.21, "mem_total":15741.32, "timestamp":1726030767} {"service":"user-service"}
info: {"cpu_usage":0.3, "mem_usage":12172.95, "mem_total":15741.32, "timestamp":1726030772} {"service":"user-service"}
info: {"cpu_usage":2.52, "mem_usage":11964.47, "mem_total":15741.32, "timestamp":1726030777} {"service":"user-service"}
info: {"cpu_usage":2.77, "mem_usage":11965.31, "mem_total":15741.32, "timestamp":1726030782} {"service":"user-service"}
info: {"cpu_usage":0.67, "mem_usage":11963.77, "mem_total":15741.32, "timestamp":1726030787} {"service":"user-service"}
info: {"cpu_usage":0.6, "mem_usage":11980.88, "mem_total":15741.32, "timestamp":1726030792} {"service":"user-service"}
info: {"cpu_usage":2.32, "mem_usage":11962.05, "mem_total":15741.32, "timestamp":1726030797} {"service":"user-service"}
info: {"cpu_usage":2, "mem_usage":11975.77, "mem_total":15741.32, "timestamp":1726030802} {"service":"user-service"}
info: {"cpu_usage":1.15, "mem_usage":11956.49, "mem_total":15741.32, "timestamp":1726030807} {"service":"user-service"}
info: {"cpu_usage":1.19, "mem_usage":11969.21, "mem_total":15741.32, "timestamp":1726030812} {"service":"user-service"}
info: {"cpu_usage":5.28, "mem_usage":11725.37, "mem_total":15741.32, "timestamp":1726030817} {"service":"user-service"}
info: {"cpu_usage":1.04, "mem_usage":11748.45, "mem_total":15741.32, "timestamp":1726030822} {"service":"user-service"}
info: {"cpu_usage":0.67, "mem_usage":11745.91, "mem_total":15741.32, "timestamp":1726030827} {"service":"user-service"}
info: {"cpu_usage":1.74, "mem_usage":11786.75, "mem_total":15741.32, "timestamp":1726030832} {"service":"user-service"}
info: {"cpu_usage":1.85, "mem_usage":11793.3, "mem_total":15741.32, "timestamp":1726030837} {"service":"user-service"}
info: {"cpu_usage":0.86, "mem_usage":12016.26, "mem_total":15741.32, "timestamp":1726030842} {"service":"user-service"}
info: {"cpu_usage":0.3, "mem_usage":11783.2, "mem_total":15741.32, "timestamp":1726030847} {"service":"user-service"}
info: {"cpu_usage":1.26, "mem_usage":11796.07, "mem_total":15741.32, "timestamp":1726030852} {"service":"user-service"}
info: {"cpu_usage":0.88, "mem_usage":11780.45, "mem_total":15741.32, "timestamp":1726030857} {"service":"user-service"}
info: {"cpu_usage":2.21, "mem_usage":11845.79, "mem_total":15741.32, "timestamp":1726030862} {"service":"user-service"}
info: {"cpu_usage":0.58, "mem_usage":11811.48, "mem_total":15741.32, "timestamp":1726030867} {"service":"user-service"}
info: {"cpu_usage":1.74, "mem_usage":11819.84, "mem_total":15741.32, "timestamp":1726030872} {"service":"user-service"}
info: {"cpu_usage":1.26, "mem_usage":11807.02, "mem_total":15741.32, "timestamp":1726030877} {"service":"user-service"}
info: {"cpu_usage":1.37, "mem_usage":12004.65, "mem_total":15741.32, "timestamp":1726030882} {"service":"user-service"}
info: {"cpu_usage":4.58, "mem_usage":11802.74, "mem_total":15741.32, "timestamp":1726030887} {"service":"user-service"}
info: {"cpu_usage":0.67, "mem_usage":11849.49, "mem_total":15741.32, "timestamp":1726030892} {"service":"user-service"}
info: {"cpu_usage":0.88, "mem_usage":11787.92, "mem_total":15741.32, "timestamp":1726030897} {"service":"user-service"}
info: {"cpu_usage":0.58, "mem_usage":11804.5, "mem_total":15741.32, "timestamp":1726030902} {"service":"user-service"}
info: {"cpu_usage":1.91, "mem_usage":11793.43, "mem_total":15741.32, "timestamp":1726030907} {"service":"user-service"}
info: {"cpu_usage":2.62, "mem_usage":11810.56, "mem_total":15741.32, "timestamp":1726030912} {"service":"user-service"}
info: {"cpu_usage":1.85, "mem_usage":11806.62, "mem_total":15741.32, "timestamp":1726030917} {"service":"user-service"}
info: {"cpu_usage":1.95, "mem_usage":11796.8, "mem_total":15741.32, "timestamp":1726030922} {"service":"user-service"}
info: {"cpu_usage":4.28, "mem_usage":11711.83, "mem_total":15741.32, "timestamp":1726030927} {"service":"user-service"}
info: {"cpu_usage":1.67, "mem_usage":11704.32, "mem_total":15741.32, "timestamp":1726030932} {"service":"user-service"}
info: {"cpu_usage":1.52, "mem_usage":11752.68, "mem_total":15741.32, "timestamp":1726030937} {"service":"user-service"}
info: {"cpu_usage":1.26, "mem_usage":11807.16, "mem_total":15741.32, "timestamp":1726030942} {"service":"user-service"}
info: {"cpu_usage":2.14, "mem_usage":11787.38, "mem_total":15741.32, "timestamp":1726030947} {"service":"user-service"}
info: {"cpu_usage":3.64, "mem_usage":12061.27, "mem_total":15741.32, "timestamp":1726030952} {"service":"user-service"}
info: {"cpu_usage":1.07, "mem_usage":12393.09, "mem_total":15741.32, "timestamp":1726030957} {"service":"user-service"}
info: {"cpu_usage":1.16, "mem_usage":12411.92, "mem_total":15741.32, "timestamp":1726030962} {"service":"user-service"}
info: {"cpu_usage":1.35, "mem_usage":12408.38, "mem_total":15741.32, "timestamp":1726030967} {"service":"user-service"}
info: {"cpu_usage":1.05, "mem_usage":12441.67, "mem_total":15741.32, "timestamp":1726030972} {"service":"user-service"}
info: {"cpu_usage":6.5, "mem_usage":12455.96, "mem_total":15741.32, "timestamp":1726030977} {"service":"user-service"}
info: {"cpu_usage":1.93, "mem_usage":12494.48, "mem_total":15741.32, "timestamp":1726030982} {"service":"user-service"}
info: {"cpu_usage":1.15, "mem_usage":12292.5, "mem_total":15741.32, "timestamp":1726030987} {"service":"user-service"}
info: {"cpu_usage":1.35, "mem_usage":12506.76, "mem_total":15741.32, "timestamp":1726030992} {"service":"user-service"}
info: {"cpu_usage":1.85, "mem_usage":12454.24, "mem_total":15741.32, "timestamp":1726030997} {"service":"user-service"}
info: {"cpu_usage":2.13, "mem_usage":12495.85, "mem_total":15741.32, "timestamp":1726031002} {"service":"user-service"}
info: {"cpu_usage":2.49, "mem_usage":12434.64, "mem_total":15741.32, "timestamp":1726031007} {"service":"user-service"}
info: {"cpu_usage":0.77, "mem_usage":12490, "mem_total":15741.32, "timestamp":1726031012} {"service":"user-service"}
info: {"cpu_usage":1.47, "mem_usage":12494.02, "mem_total":15741.32, "timestamp":1726031017} {"service":"user-service"}
info: {"cpu_usage":0.67, "mem_usage":12492.23, "mem_total":15741.32, "timestamp":1726031022} {"service":"user-service"}
info: {"cpu_usage":3.31, "mem_usage":12442.64, "mem_total":15741.32, "timestamp":1726031027} {"service":"user-service"}
info: {"cpu_usage":0.89, "mem_usage":12497.89, "mem_total":15741.32, "timestamp":1726031032} {"service":"user-service"}
info: {"cpu_usage":1.46, "mem_usage":12464.1, "mem_total":15741.32, "timestamp":1726031037} {"service":"user-service"}
info: {"cpu_usage":0.68, "mem_usage":12312.68, "mem_total":15741.32, "timestamp":1726031042} {"service":"user-service"}
info: {"cpu_usage":0.86, "mem_usage":12497.46, "mem_total":15741.32, "timestamp":1726031047} {"service":"user-service"}
info: {"cpu_usage":0.97, "mem_usage":12493.03, "mem_total":15741.32, "timestamp":1726031052} {"service":"user-service"}
info: {"cpu_usage":1.84, "mem_usage":12475.58, "mem_total":15741.32, "timestamp":1726031057} {"service":"user-service"}
info: {"cpu_usage":2.2, "mem_usage":12511.64, "mem_total":15741.32, "timestamp":1726031062} {"service":"user-service"}
info: {"cpu_usage":0.1, "mem_usage":12472.04, "mem_total":15741.32, "timestamp":1726031067} {"service":"user-service"}
info: {"cpu_usage":0.19, "mem_usage":12483.79, "mem_total":15741.32, "timestamp":1726031072} {"service":"user-service"}
info: {"cpu_usage":0.39, "mem_usage":12465.75, "mem_total":15741.32, "timestamp":1726031077} {"service":"user-service"}
info: {"cpu_usage":0.2, "mem_usage":12481.5, "mem_total":15741.32, "timestamp":1726031082} {"service":"user-service"}
info: {"cpu_usage":0.4, "mem_usage":12474.08, "mem_total":15741.32, "timestamp":1726031087} {"service":"user-service"}
info: {"cpu_usage":0.2, "mem_usage":12478.6, "mem_total":15741.32, "timestamp":1726031092} {"service":"user-service"}
info: {"cpu_usage":0.39, "mem_usage":12476.28, "mem_total":15741.32, "timestamp":1726031097} {"service":"user-service"}
info: {"cpu_usage":0.29, "mem_usage":12492.07, "mem_total":15741.32, "timestamp":1726031102} {"service":"user-service"}
info: {"cpu_usage":0.88, "mem_usage":12491.73, "mem_total":15741.32, "timestamp":1726031107} {"service":"user-service"}
info: {"cpu_usage":1.24, "mem_usage":12487.42, "mem_total":15741.32, "timestamp":1726031112} {"service":"user-service"}
info: {"cpu_usage":8.58, "mem_usage":12317.82, "mem_total":15741.32, "timestamp":1726031117} {"service":"user-service"}
info: {"cpu_usage":0.4, "mem_usage":12337.38, "mem_total":15741.32, "timestamp":1726031122} {"service":"user-service"}
info: {"cpu_usage":0.96, "mem_usage":12342.71, "mem_total":15741.32, "timestamp":1726031127} {"service":"user-service"}
info: {"cpu_usage":1.87, "mem_usage":12393.51, "mem_total":15741.32, "timestamp":1726031132} {"service":"user-service"}
info: {"cpu_usage":0.7, "mem_usage":12416.32, "mem_total":15741.32, "timestamp":1726031137} {"service":"user-service"}
info: {"cpu_usage":0.39, "mem_usage":12434.41, "mem_total":15741.32, "timestamp":1726031142} {"service":"user-service"}
info: {"cpu_usage":0.39, "mem_usage":12425.23, "mem_total":15741.32, "timestamp":1726031147} {"service":"user-service"}
info: {"cpu_usage":1.55, "mem_usage":12390.57, "mem_total":15741.32, "timestamp":1726031152} {"service":"user-service"}
info: {"cpu_usage":1.45, "mem_usage":12392.84, "mem_total":15741.32, "timestamp":1726031157} {"service":"user-service"}
info: {"cpu_usage":0.56, "mem_usage":12402.56, "mem_total":15741.32, "timestamp":1726031162} {"service":"user-service"}
info: {"cpu_usage":0.98, "mem_usage":12428.13, "mem_total":15741.32, "timestamp":1726031167} {"service":"user-service"}
info: {"cpu_usage":1.23, "mem_usage":12457.43, "mem_total":15741.32, "timestamp":1726031172} {"service":"user-service"}
info: {"cpu_usage":1.27, "mem_usage":12443.75, "mem_total":15741.32, "timestamp":1726031177} {"service":"user-service"}
info: {"cpu_usage":1.35, "mem_usage":12425.4, "mem_total":15741.32, "timestamp":1726031182} {"service":"user-service"}
info: {"cpu_usage":3.27, "mem_usage":12485.7, "mem_total":15741.32, "timestamp":1726031187} {"service":"user-service"}
info: {"cpu_usage":1.46, "mem_usage":12516.48, "mem_total":15741.32, "timestamp":1726031192} {"service":"user-service"}
info: {"cpu_usage":2.64, "mem_usage":12442.28, "mem_total":15741.32, "timestamp":1726031197} {"service":"user-service"}
info: {"cpu_usage":1.86, "mem_usage":12497.79, "mem_total":15741.32, "timestamp":1726031202} {"service":"user-service"}
info: {"cpu_usage":1.26, "mem_usage":12486.44, "mem_total":15741.32, "timestamp":1726031207} {"service":"user-service"}
info: {"cpu_usage":1.18, "mem_usage":12488.16, "mem_total":15741.32, "timestamp":1726031212} {"service":"user-service"}
info: {"cpu_usage":1.72, "mem_usage":12498.75, "mem_total":15741.32, "timestamp":1726031217} {"service":"user-service"}
info: {"cpu_usage":2.15, "mem_usage":12436.73, "mem_total":15741.32, "timestamp":1726031222} {"service":"user-service"}
info: {"cpu_usage":0.69, "mem_usage":12454.46, "mem_total":15741.32, "timestamp":1726031227} {"service":"user-service"}
info: {"cpu_usage":2.02, "mem_usage":12488.82, "mem_total":15741.32, "timestamp":1726031232} {"service":"user-service"}
info: {"cpu_usage":1.17, "mem_usage":12500.8, "mem_total":15741.32, "timestamp":1726031237} {"service":"user-service"}
info: {"cpu_usage":2.53, "mem_usage":12517.56, "mem_total":15741.32, "timestamp":1726031242} {"service":"user-service"}
info: {"cpu_usage":0.39, "mem_usage":12492.99, "mem_total":15741.32, "timestamp":1726031247} {"service":"user-service"}
info: {"cpu_usage":1.17, "mem_usage":12493.63, "mem_total":15741.32, "timestamp":1726031252} {"service":"user-service"}
info: {"cpu_usage":4.08, "mem_usage":12401.73, "mem_total":15741.32, "timestamp":1726031257} {"service":"user-service"}
info: {"cpu_usage":0.39, "mem_usage":12405.93, "mem_total":15741.32, "timestamp":1726031262} {"service":"user-service"}
info: {"cpu_usage":0.87, "mem_usage":12393.33, "mem_total":15741.32, "timestamp":1726031267} {"service":"user-service"}
info: {"cpu_usage":0.76, "mem_usage":12441.7, "mem_total":15741.32, "timestamp":1726031273} {"service":"user-service"}
info: {"cpu_usage":1.62, "mem_usage":12434.05, "mem_total":15741.32, "timestamp":1726031278} {"service":"user-service"}
info: {"cpu_usage":1.17, "mem_usage":12450.06, "mem_total":15741.32, "timestamp":1726031283} {"service":"user-service"}
info: {"cpu_usage":1.17, "mem_usage":12454.36, "mem_total":15741.32, "timestamp":1726031288} {"service":"user-service"}
info: {"cpu_usage":2.98, "mem_usage":12443.39, "mem_total":15741.32, "timestamp":1726031293} {"service":"user-service"}
info: {"cpu_usage":3, "mem_usage":12425.41, "mem_total":15741.32, "timestamp":1726031298} {"service":"user-service"}
info: {"cpu_usage":2.4, "mem_usage":12409.26, "mem_total":15741.32, "timestamp":1726031303} {"service":"user-service"}
info: {"cpu_usage":0.87, "mem_usage":12439.96, "mem_total":15741.32, "timestamp":1726031308} {"service":"user-service"}
info: {"cpu_usage":2.24, "mem_usage":12453.99, "mem_total":15741.32, "timestamp":1726031313} {"service":"user-service"}
info: {"cpu_usage":2.38, "mem_usage":12438.3, "mem_total":15741.32, "timestamp":1726031318} {"service":"user-service"}
info: {"cpu_usage":8.5, "mem_usage":12439.84, "mem_total":15741.32, "timestamp":1726031323} {"service":"user-service"}
info: {"cpu_usage":0.59, "mem_usage":12453.58, "mem_total":15741.32, "timestamp":1726031328} {"service":"user-service"}
info: {"cpu_usage":4.75, "mem_usage":12496, "mem_total":15741.32, "timestamp":1726031333} {"service":"user-service"}
info: {"cpu_usage":0.09, "mem_usage":12502.23, "mem_total":15741.32, "timestamp":1726031338} {"service":"user-service"}
info: {"cpu_usage":1.96, "mem_usage":12524.29, "mem_total":15741.32, "timestamp":1726031343} {"service":"user-service"}
info: {"cpu_usage":0.86, "mem_usage":12500.24, "mem_total":15741.32, "timestamp":1726031348} {"service":"user-service"}
info: {"cpu_usage":1.37, "mem_usage":12417.21, "mem_total":15741.32, "timestamp":1726031353} {"service":"user-service"}
info: {"cpu_usage":0.49, "mem_usage":12399.49, "mem_total":15741.32, "timestamp":1726031358} {"service":"user-service"}
info: {"cpu_usage":1.08, "mem_usage":12410.68, "mem_total":15741.32, "timestamp":1726031363} {"service":"user-service"}
info: {"cpu_usage":1.17, "mem_usage":12385.35, "mem_total":15741.32, "timestamp":1726031368} {"service":"user-service"}
info: {"cpu_usage":1.07, "mem_usage":12406.55, "mem_total":15741.32, "timestamp":1726031373} {"service":"user-service"}
info: {"cpu_usage":0.49, "mem_usage":12386.33, "mem_total":15741.32, "timestamp":1726031378} {"service":"user-service"}
info: {"cpu_usage":1.08, "mem_usage":12396.65, "mem_total":15741.32, "timestamp":1726031383} {"service":"user-service"}
info: {"cpu_usage":1.46, "mem_usage":12370.44, "mem_total":15741.32, "timestamp":1726031388} {"service":"user-service"}
info: {"cpu_usage":1.54, "mem_usage":12387.91, "mem_total":15741.32, "timestamp":1726031393} {"service":"user-service"}
info: {"cpu_usage":1.35, "mem_usage":12373.21, "mem_total":15741.32, "timestamp":1726031398} {"service":"user-service"}
info: {"cpu_usage":2.36, "mem_usage":12410.95, "mem_total":15741.32, "timestamp":1726031403} {"service":"user-service"}
info: {"cpu_usage":1.26, "mem_usage":12412.86, "mem_total":15741.32, "timestamp":1726031408} {"service":"user-service"}
info: {"cpu_usage":0.87, "mem_usage":12388.17, "mem_total":15741.32, "timestamp":1726031413} {"service":"user-service"}
info: {"cpu_usage":2.85, "mem_usage":12405.7, "mem_total":15741.32, "timestamp":1726031418} {"service":"user-service"}
info: {"cpu_usage":1.43, "mem_usage":12334.82, "mem_total":15741.32, "timestamp":1726031423} {"service":"user-service"}
info: {"cpu_usage":2.73, "mem_usage":12342.25, "mem_total":15741.32, "timestamp":1726031428} {"service":"user-service"}
info: {"cpu_usage":6.71, "mem_usage":12389.91, "mem_total":15741.32, "timestamp":1726031433} {"service":"user-service"}
info: {"cpu_usage":4.26, "mem_usage":12428.74, "mem_total":15741.32, "timestamp":1726031438} {"service":"user-service"}
info: {"cpu_usage":8.64, "mem_usage":12454.66, "mem_total":15741.32, "timestamp":1726031443} {"service":"user-service"}
info: {"cpu_usage":1.04, "mem_usage":12479.89, "mem_total":15741.32, "timestamp":1726031448} {"service":"user-service"}
info: {"cpu_usage":4.59, "mem_usage":12472.36, "mem_total":15741.32, "timestamp":1726031453} {"service":"user-service"}
info: {"cpu_usage":0.09, "mem_usage":12387.91, "mem_total":15741.32, "timestamp":1726031458} {"service":"user-service"}
info: {"cpu_usage":0.97, "mem_usage":12380.51, "mem_total":15741.32, "timestamp":1726031463} {"service":"user-service"}
info: {"cpu_usage":0.57, "mem_usage":12374.62, "mem_total":15741.32, "timestamp":1726031468} {"service":"user-service"}
info: {"cpu_usage":1.66, "mem_usage":12370.19, "mem_total":15741.32, "timestamp":1726031473} {"service":"user-service"}
info: {"cpu_usage":0.48, "mem_usage":12371.38, "mem_total":15741.32, "timestamp":1726031478} {"service":"user-service"}
info: {"cpu_usage":0.68, "mem_usage":12376.06, "mem_total":15741.32, "timestamp":1726031483} {"service":"user-service"}
info: {"cpu_usage":1.96, "mem_usage":12363.03, "mem_total":15741.32, "timestamp":1726031488} {"service":"user-service"}
info: {"cpu_usage":0.77, "mem_usage":12380.84, "mem_total":15741.32, "timestamp":1726031493} {"service":"user-service"}
info: {"cpu_usage":1.16, "mem_usage":12374.67, "mem_total":15741.32, "timestamp":1726031498} {"service":"user-service"}
info: {"cpu_usage":0.37, "mem_usage":12408.84, "mem_total":15741.32, "timestamp":1726031503} {"service":"user-service"}
info: {"cpu_usage":0.59, "mem_usage":12392.9, "mem_total":15741.32, "timestamp":1726031508} {"service":"user-service"}
info: {"cpu_usage":0.97, "mem_usage":12402.48, "mem_total":15741.32, "timestamp":1726031513} {"service":"user-service"}
info: {"cpu_usage":0.89, "mem_usage":12376.5, "mem_total":15741.32, "timestamp":1726031518} {"service":"user-service"}
info: {"cpu_usage":1.16, "mem_usage":12385.06, "mem_total":15741.32, "timestamp":1726031523} {"service":"user-service"}
info: {"cpu_usage":0.97, "mem_usage":12388.76, "mem_total":15741.32, "timestamp":1726031528} {"service":"user-service"}
info: {"cpu_usage":1.47, "mem_usage":12374.46, "mem_total":15741.32, "timestamp":1726031533} {"service":"user-service"}
info: {"cpu_usage":1.94, "mem_usage":12386.27, "mem_total":15741.32, "timestamp":1726031538} {"service":"user-service"}
info: {"cpu_usage":1.09, "mem_usage":12410.91, "mem_total":15741.32, "timestamp":1726031543} {"service":"user-service"}
info: {"cpu_usage":1.26, "mem_usage":12330.89, "mem_total":15741.32, "timestamp":1726031548} {"service":"user-service"}
info: {"cpu_usage":1.35, "mem_usage":12332.71, "mem_total":15741.32, "timestamp":1726031553} {"service":"user-service"}
info: {"cpu_usage":0.8, "mem_usage":12376.52, "mem_total":15741.32, "timestamp":1726031558} {"service":"user-service"}
info: {"cpu_usage":8.16, "mem_usage":12406.57, "mem_total":15741.32, "timestamp":1726031563} {"service":"user-service"}
info: {"cpu_usage":1.53, "mem_usage":12396.61, "mem_total":15741.32, "timestamp":1726031568} {"service":"user-service"}
info: {"cpu_usage":2.23, "mem_usage":12408.56, "mem_total":15741.32, "timestamp":1726031573} {"service":"user-service"}
info: {"cpu_usage":1.18, "mem_usage":12377.91, "mem_total":15741.32, "timestamp":1726031578} {"service":"user-service"}
info: {"cpu_usage":1.09, "mem_usage":12337.34, "mem_total":15741.32, "timestamp":1726031583} {"service":"user-service"}
info: {"cpu_usage":1.82, "mem_usage":12377.91, "mem_total":15741.32, "timestamp":1726031588} {"service":"user-service"}
info: {"cpu_usage":1.66, "mem_usage":12380.86, "mem_total":15741.32, "timestamp":1726031593} {"service":"user-service"}
info: {"cpu_usage":3.73, "mem_usage":12410.08, "mem_total":15741.32, "timestamp":1726031598} {"service":"user-service"}
info: {"cpu_usage":2.82, "mem_usage":12433.89, "mem_total":15741.32, "timestamp":1726031603} {"service":"user-service"}
info: {"cpu_usage":0.68, "mem_usage":12435.83, "mem_total":15741.32, "timestamp":1726031608} {"service":"user-service"}
info: {"cpu_usage":1.73, "mem_usage":12472.91, "mem_total":15741.32, "timestamp":1726031613} {"service":"user-service"}
info: {"cpu_usage":1.24, "mem_usage":12463.26, "mem_total":15741.32, "timestamp":1726031618} {"service":"user-service"}
info: {"cpu_usage":2.92, "mem_usage":12491.53, "mem_total":15741.32, "timestamp":1726031623} {"service":"user-service"}
info: {"cpu_usage":1.15, "mem_usage":12494.4, "mem_total":15741.32, "timestamp":1726031628} {"service":"user-service"}
info: {"cpu_usage":1.15, "mem_usage":12483.03, "mem_total":15741.32, "timestamp":1726031633} {"service":"user-service"}
info: {"cpu_usage":2.68, "mem_usage":12470.45, "mem_total":15741.32, "timestamp":1726031638} {"service":"user-service"}
info: {"cpu_usage":1.46, "mem_usage":12487.2, "mem_total":15741.32, "timestamp":1726031643} {"service":"user-service"}
info: {"cpu_usage":2.97, "mem_usage":12482.94, "mem_total":15741.32, "timestamp":1726031648} {"service":"user-service"}
info: {"cpu_usage":2.41, "mem_usage":12441.02, "mem_total":15741.32, "timestamp":1726031653} {"service":"user-service"}
info: {"cpu_usage":4.96, "mem_usage":12406.53, "mem_total":15741.32, "timestamp":1726031658} {"service":"user-service"}
info: {"cpu_usage":4.62, "mem_usage":12424.4, "mem_total":15741.32, "timestamp":1726031663} {"service":"user-service"}
info: {"cpu_usage":2.81, "mem_usage":12432.69, "mem_total":15741.32, "timestamp":1726031668} {"service":"user-service"}
info: {"cpu_usage":1.74, "mem_usage":12430.77, "mem_total":15741.32, "timestamp":1726031673} {"service":"user-service"}
info: {"cpu_usage":1.32, "mem_usage":12436.61, "mem_total":15741.32, "timestamp":1726031678} {"service":"user-service"}
info: {"cpu_usage":1.16, "mem_usage":12377.91, "mem_total":15741.32, "timestamp":1726031683} {"service":"user-service"}
info: {"cpu_usage":0.57, "mem_usage":12368.46, "mem_total":15741.32, "timestamp":1726031688} {"service":"user-service"}
info: {"cpu_usage":0.29, "mem_usage":12434.28, "mem_total":15741.32, "timestamp":1726031693} {"service":"user-service"}
info: {"cpu_usage":1.44, "mem_usage":12430.45, "mem_total":15741.32, "timestamp":1726031698} {"service":"user-service"}
info: {"cpu_usage":0.68, "mem_usage":12458.86, "mem_total":15741.32, "timestamp":1726031703} {"service":"user-service"}
info: {"cpu_usage":2.69, "mem_usage":12457.45, "mem_total":15741.32, "timestamp":1726031708} {"service":"user-service"}
info: {"cpu_usage":1.45, "mem_usage":12442.32, "mem_total":15741.32, "timestamp":1726031713} {"service":"user-service"}
info: {"cpu_usage":1.63, "mem_usage":12442.63, "mem_total":15741.32, "timestamp":1726031718} {"service":"user-service"}
info: {"cpu_usage":1.16, "mem_usage":12382.63, "mem_total":15741.32, "timestamp":1726031723} {"service":"user-service"}
info: {"cpu_usage":4.99, "mem_usage":12327.54, "mem_total":15741.32, "timestamp":1726031728} {"service":"user-service"}
info: {"cpu_usage":2.74, "mem_usage":12330.68, "mem_total":15741.32, "timestamp":1726031733} {"service":"user-service"}
info: {"cpu_usage":3.16, "mem_usage":12359.89, "mem_total":15741.32, "timestamp":1726031738} {"service":"user-service"}
info: {"cpu_usage":1.65, "mem_usage":12378.95, "mem_total":15741.32, "timestamp":1726031743} {"service":"user-service"}
info: {"cpu_usage":1.73, "mem_usage":12379.29, "mem_total":15741.32, "timestamp":1726031748} {"service":"user-service"}
info: {"cpu_usage":4.02, "mem_usage":12385.18, "mem_total":15741.32, "timestamp":1726031753} {"service":"user-service"}
info: {"cpu_usage":0.98, "mem_usage":12368.47, "mem_total":15741.32, "timestamp":1726031758} {"service":"user-service"}
info: {"cpu_usage":1.35, "mem_usage":12367.41, "mem_total":15741.32, "timestamp":1726031763} {"service":"user-service"}
info: {"cpu_usage":4.81, "mem_usage":12384.52, "mem_total":15741.32, "timestamp":1726031768} {"service":"user-service"}
info: {"cpu_usage":2.45, "mem_usage":12365.86, "mem_total":15741.32, "timestamp":1726031773} {"service":"user-service"}
info: {"cpu_usage":0.58, "mem_usage":12390.7, "mem_total":15741.32, "timestamp":1726031778} {"service":"user-service"}
info: {"cpu_usage":2.24, "mem_usage":12381.99, "mem_total":15741.32, "timestamp":1726031783} {"service":"user-service"}
